c:\program files (x86)\sentech\stgige-package\stgige sdk\samples\stgemulticamerasample_1\stgemulticamera\debug\vc141.pdb
c:\program files (x86)\sentech\stgige-package\stgige sdk\samples\stgemulticamerasample_1\stgemulticamera\debug\stgemulticamera.pch
c:\program files (x86)\sentech\stgige-package\stgige sdk\samples\stgemulticamerasample_1\stgemulticamera\debug\vc141.idb
c:\program files (x86)\sentech\stgige-package\stgige sdk\samples\stgemulticamerasample_1\stgemulticamera\debug\stdafx.obj
c:\program files (x86)\sentech\stgige-package\stgige sdk\samples\stgemulticamerasample_1\stgemulticamera\debug\ipconfiguration.obj
c:\program files (x86)\sentech\stgige-package\stgige sdk\samples\stgemulticamerasample_1\stgemulticamera\debug\preview.obj
c:\program files (x86)\sentech\stgige-package\stgige sdk\samples\stgemulticamerasample_1\stgemulticamera\debug\stgemulticamera.obj
c:\program files (x86)\sentech\stgige-package\stgige sdk\samples\stgemulticamerasample_1\stgemulticamera\debug\stgemulticameradlg.obj
c:\program files (x86)\sentech\stgige-package\stgige sdk\samples\stgemulticamerasample_1\stgemulticamera\debug\thread.obj
c:\users\cnjaliu33\desktop\abb_siqi\cppcalledbypython\stgemulticamera\debug\stgemulticamera.pch
c:\users\cnjaliu33\desktop\abb_siqi\cppcalledbypython\stgemulticamera\debug\vc141.pdb
c:\users\cnjaliu33\desktop\abb_siqi\cppcalledbypython\stgemulticamera\debug\vc141.idb
c:\users\cnjaliu33\desktop\abb_siqi\cppcalledbypython\stgemulticamera\debug\stdafx.obj
c:\users\cnjaliu33\desktop\abb_siqi\cppcalledbypython\stgemulticamera\debug\ipconfiguration.obj
c:\users\cnjaliu33\desktop\abb_siqi\cppcalledbypython\stgemulticamera\debug\preview.obj
c:\users\cnjaliu33\desktop\abb_siqi\cppcalledbypython\stgemulticamera\debug\stgemulticamera.obj
c:\users\cnjaliu33\desktop\abb_siqi\cppcalledbypython\stgemulticamera\debug\stgemulticameradlg.obj
c:\users\cnjaliu33\desktop\abb_siqi\cppcalledbypython\stgemulticamera\debug\thread.obj
c:\program files (x86)\sentech\stgige-package\stgige sdk\samples\stgemulticamerasample_1\debug\stgemulticamera.exe
c:\program files (x86)\sentech\stgige-package\stgige sdk\samples\stgemulticamerasample_1\debug\stgemulticamera.ilk
c:\program files (x86)\sentech\stgige-package\stgige sdk\samples\stgemulticamerasample_1\debug\stgemulticamera.pdb
c:\users\cnjaliu33\desktop\abb_siqi\cppcalledbypython\debug\stgemulticamera.exe
c:\users\cnjaliu33\desktop\abb_siqi\cppcalledbypython\debug\stgemulticamera.ilk
c:\users\cnjaliu33\desktop\abb_siqi\cppcalledbypython\debug\stgemulticamera.pdb
c:\program files (x86)\sentech\stgige-package\stgige sdk\samples\stgemulticamerasample_1\stgemulticamera\debug\stgemulticamera.res
c:\users\cnjaliu33\desktop\abb_siqi\cppcalledbypython\stgemulticamera\debug\stgemulticamera.res
c:\users\cnjaliu33\desktop\abb_siqi\cppcalledbypython\stgemulticamera\debug\stgemulticamera.tlog\cl.command.1.tlog
c:\users\cnjaliu33\desktop\abb_siqi\cppcalledbypython\stgemulticamera\debug\stgemulticamera.tlog\cl.read.1.tlog
c:\users\cnjaliu33\desktop\abb_siqi\cppcalledbypython\stgemulticamera\debug\stgemulticamera.tlog\cl.write.1.tlog
c:\users\cnjaliu33\desktop\abb_siqi\cppcalledbypython\stgemulticamera\debug\stgemulticamera.tlog\link.command.1.tlog
c:\users\cnjaliu33\desktop\abb_siqi\cppcalledbypython\stgemulticamera\debug\stgemulticamera.tlog\link.read.1.tlog
c:\users\cnjaliu33\desktop\abb_siqi\cppcalledbypython\stgemulticamera\debug\stgemulticamera.tlog\link.write.1.tlog
c:\users\cnjaliu33\desktop\abb_siqi\cppcalledbypython\stgemulticamera\debug\stgemulticamera.tlog\rc.command.1.tlog
c:\users\cnjaliu33\desktop\abb_siqi\cppcalledbypython\stgemulticamera\debug\stgemulticamera.tlog\rc.read.1.tlog
c:\users\cnjaliu33\desktop\abb_siqi\cppcalledbypython\stgemulticamera\debug\stgemulticamera.tlog\rc.write.1.tlog
